Release 14.7 Map P.20131013 (nt64)
Xilinx Mapping Report File for Design 'Prep_IO'

Design Information
------------------
Command Line   : map -intstyle ise -p xc7k160t-ffg676-2L -w -logic_opt off -ol
high -t 1 -xt 0 -register_duplication off -r 4 -mt off -ir off -pr off -lc off
-power off -o Prep_IO_map.ncd Prep_IO.ngd Prep_IO.pcf 
Target Device  : xc7k160t
Target Package : ffg676
Target Speed   : -2l
Mapper Version : kintex7 -- $Revision: 1.55 $
Mapped Date    : Tue Jun 27 12:37:09 2017

Design Summary
--------------
Number of errors:      0
Number of warnings:    0
Slice Logic Utilization:
  Number of Slice Registers:                   245 out of 202,800    1%
    Number used as Flip Flops:                 245
    Number used as Latches:                      0
    Number used as Latch-thrus:                  0
    Number used as AND/OR logics:                0
  Number of Slice LUTs:                        307 out of 101,400    1%
    Number used as logic:                      306 out of 101,400    1%
      Number using O6 output only:             261
      Number using O5 output only:              20
      Number using O5 and O6:                   25
      Number used as ROM:                        0
    Number used as Memory:                       0 out of  35,000    0%
    Number used exclusively as route-thrus:      1
      Number with same-slice register load:      0
      Number with same-slice carry load:         1
      Number with other load:                    0

Slice Logic Distribution:
  Number of occupied Slices:                   103 out of  25,350    1%
  Number of LUT Flip Flop pairs used:          334
    Number with an unused Flip Flop:            91 out of     334   27%
    Number with an unused LUT:                  27 out of     334    8%
    Number of fully used LUT-FF pairs:         216 out of     334   64%
    Number of unique control sets:              17
    Number of slice register sites lost
      to control set restrictions:              59 out of 202,800    1%

  A LUT Flip Flop pair for this architecture represents one LUT paired with
  one Flip Flop within a slice.  A control set is a unique combination of
  clock, reset, set, and enable signals for a registered element.
  The Slice Logic Distribution report is not meaningful if the design is
  over-mapped for a non-slice resource or if Placement fails.
  OVERMAPPING of BRAM resources should be ignored if the design is
  over-mapped for a non-BRAM resource or if placement fails.

IO Utilization:
  Number of bonded IOBs:                        26 out of     400    6%
    Number of LOCed IOBs:                       26 out of      26  100%

Specific Feature Utilization:
  Number of RAMB36E1/FIFO36E1s:                  0 out of     325    0%
  Number of RAMB18E1/FIFO18E1s:                  1 out of     650    1%
    Number using RAMB18E1 only:                  1
    Number using FIFO18E1 only:                  0
  Number of BUFG/BUFGCTRLs:                      2 out of      32    6%
    Number used as BUFGs:                        2
    Number used as BUFGCTRLs:                    0
  Number of IDELAYE2/IDELAYE2_FINEDELAYs:        0 out of     400    0%
  Number of ILOGICE2/ILOGICE3/ISERDESE2s:        0 out of     400    0%
  Number of ODELAYE2/ODELAYE2_FINEDELAYs:        0 out of     150    0%
  Number of OLOGICE2/OLOGICE3/OSERDESE2s:        0 out of     400    0%
  Number of PHASER_IN/PHASER_IN_PHYs:            0 out of      32    0%
  Number of PHASER_OUT/PHASER_OUT_PHYs:          0 out of      32    0%
  Number of BSCANs:                              0 out of       4    0%
  Number of BUFHCEs:                             0 out of     120    0%
  Number of BUFRs:                               0 out of      32    0%
  Number of CAPTUREs:                            0 out of       1    0%
  Number of DNA_PORTs:                           0 out of       1    0%
  Number of DSP48E1s:                            0 out of     600    0%
  Number of EFUSE_USRs:                          0 out of       1    0%
  Number of FRAME_ECCs:                          0 out of       1    0%
  Number of GTXE2_CHANNELs:                      0 out of       8    0%
  Number of GTXE2_COMMONs:                       0 out of       2    0%
  Number of IBUFDS_GTE2s:                        0 out of       4    0%
  Number of ICAPs:                               0 out of       2    0%
  Number of IDELAYCTRLs:                         0 out of       8    0%
  Number of IN_FIFOs:                            0 out of      32    0%
  Number of MMCME2_ADVs:                         0 out of       8    0%
  Number of OUT_FIFOs:                           0 out of      32    0%
  Number of PCIE_2_1s:                           0 out of       1    0%
  Number of PHASER_REFs:                         0 out of       8    0%
  Number of PHY_CONTROLs:                        0 out of       8    0%
  Number of PLLE2_ADVs:                          0 out of       8    0%
  Number of STARTUPs:                            0 out of       1    0%
  Number of XADCs:                               0 out of       1    0%

Average Fanout of Non-Clock Nets:                4.57

Peak Memory Usage:  984 MB
Total REAL time to MAP completion:  24 secs 
Total CPU time to MAP completion:   24 secs 

Table of Contents
-----------------
Section 1 - Errors
Section 2 - Warnings
Section 3 - Informational
Section 4 - Removed Logic Summary
Section 5 - Removed Logic
Section 6 - IOB Properties
Section 7 - RPMs
Section 8 - Guide Report
Section 9 - Area Group and Partition Summary
Section 10 - Timing Report
Section 11 - Configuration String Information
Section 12 - Control Set Information
Section 13 - Utilization by Hierarchy

Section 1 - Errors
------------------

Section 2 - Warnings
--------------------

Section 3 - Informational
-------------------------
INFO:LIT:244 - All of the single ended outputs in this design are using slew
   rate limited output drivers. The delay on speed critical single ended outputs
   can be dramatically reduced by designating them as fast outputs.
INFO:Pack:1716 - Initializing temperature to 100.000 Celsius. (default - Range:
   0.000 to 100.000 Celsius)
INFO:Pack:1720 - Initializing voltage to 0.970 Volts. (default - Range: 0.970 to
   1.030 Volts)
INFO:Map:215 - The Interim Design Summary has been generated in the MAP Report
   (.mrp).
INFO:Pack:1650 - Map created a placed design.

Section 4 - Removed Logic Summary
---------------------------------
   4 block(s) optimized away

Section 5 - Removed Logic
-------------------------

Optimized Block(s):
TYPE 		BLOCK
VCC 		P7SEG/XST_VCC
VCC 		PLED/XST_VCC
GND 		XST_GND
VCC 		XST_VCC

To enable printing of redundant blocks removed and signals merged, set the
detailed map report option and rerun map.

Section 6 - IOB Properties
--------------------------

+---------------------------------------------------------------------------------------------------------------------------------------------------------+
| IOB Name                           | Type             | Direction | IO Standard          | Diff  | Drive    | Slew | Reg (s)      | Resistor | IOB      |
|                                    |                  |           |                      | Term  | Strength | Rate |              |          | Delay    |
+---------------------------------------------------------------------------------------------------------------------------------------------------------+
| Buzzer                             | IOB33            | OUTPUT    | LVCMOS33             |       | 12       | SLOW |              |          |          |
| LED_PEN                            | IOB33            | OUTPUT    | LVCMOS33             |       | 12       | SLOW |              |          |          |
| SEG_PEN                            | IOB33            | OUTPUT    | LVCMOS33             |       | 12       | SLOW |              |          |          |
| SW<8>                              | IOB              | INPUT     | LVCMOS15             |       |          |      |              |          |          |
| SW<9>                              | IOB              | INPUT     | LVCMOS15             |       |          |      |              |          |          |
| SW<10>                             | IOB              | INPUT     | LVCMOS15             |       |          |      |              |          |          |
| SW<11>                             | IOB              | INPUT     | LVCMOS15             |       |          |      |              |          |          |
| SW<12>                             | IOB              | INPUT     | LVCMOS15             |       |          |      |              |          |          |
| SW<13>                             | IOB              | INPUT     | LVCMOS15             |       |          |      |              |          |          |
| SW<14>                             | IOB              | INPUT     | LVCMOS15             |       |          |      |              |          |          |
| SW<15>                             | IOB              | INPUT     | LVCMOS15             |       |          |      |              |          |          |
| clk_100mhz                         | IOB              | INPUT     | LVCMOS18             |       |          |      |              |          |          |
| led_clk                            | IOB33            | OUTPUT    | LVCMOS33             |       | 12       | SLOW |              |          |          |
| led_clrn                           | IOB33            | OUTPUT    | LVCMOS33             |       | 12       | SLOW |              |          |          |
| led_sout                           | IOB33            | OUTPUT    | LVCMOS33             |       | 12       | SLOW |              |          |          |
| portE<0>                           | IOB              | BIDIR     | LVCMOS15             |       | 12       | SLOW |              |          |          |
| portE<1>                           | IOB              | BIDIR     | LVCMOS15             |       | 12       | SLOW |              |          |          |
| portE<2>                           | IOB              | BIDIR     | LVCMOS15             |       | 12       | SLOW |              |          |          |
| portE<3>                           | IOB              | BIDIR     | LVCMOS15             |       | 12       | SLOW |              |          |          |
| portF<0>                           | IOB              | BIDIR     | LVCMOS15             |       | 12       | SLOW |              |          |          |
| portF<1>                           | IOB              | BIDIR     | LVCMOS15             |       | 12       | SLOW |              |          |          |
| portF<2>                           | IOB              | BIDIR     | LVCMOS15             |       | 12       | SLOW |              |          |          |
| portF<3>                           | IOB              | BIDIR     | LVCMOS15             |       | 12       | SLOW |              |          |          |
| seg_clk                            | IOB33            | OUTPUT    | LVCMOS33             |       | 12       | SLOW |              |          |          |
| seg_clrn                           | IOB33            | OUTPUT    | LVCMOS33             |       | 12       | SLOW |              |          |          |
| seg_sout                           | IOB33            | OUTPUT    | LVCMOS33             |       | 12       | SLOW |              |          |          |
+---------------------------------------------------------------------------------------------------------------------------------------------------------+

Section 7 - RPMs
----------------

Section 8 - Guide Report
------------------------
Guide not run on this design.

Section 9 - Area Group and Partition Summary
--------------------------------------------

Partition Implementation Status
-------------------------------

  No Partitions were found in this design.

-------------------------------

Area Group Information
----------------------

  No area groups were found in this design.

----------------------

Section 10 - Timing Report
--------------------------
A logic-level (pre-route) timing report can be generated by using Xilinx static
timing analysis tools, Timing Analyzer (GUI) or TRCE (command line), with the
mapped NCD and PCF files. Please note that this timing report will be generated
using estimated delay information. For accurate numbers, please generate a
timing report with the post Place and Route NCD file.

For more information about the Timing Analyzer, consult the Xilinx Timing
Analyzer Reference Manual; for more information about TRCE, consult the Xilinx
Command Line Tools User Guide "TRACE" chapter.

Section 11 - Configuration String Details
-----------------------------------------
Use the "-detail" map option to print out Configuration Strings

Section 12 - Control Set Information
------------------------------------
Use the "-detail" map option to print out Control Set Information.

Section 13 - Utilization by Hierarchy
-------------------------------------
Use the "-detail" map option to print out the Utilization by Hierarchy section.
